<?xml version="1.0" encoding="UTF-8"?>
<!-- Generated by org.testng.reporters.JUnitReportReporter -->
<testsuite hostname="Satheesh-Vidhya-Venpa" failures="0" tests="4" name="com.askomdch.testclasses.MyFirstTestCase" time="70.298" errors="0" timestamp="2022-10-21T20:26:08 IST" skipped="0">
  <testcase classname="com.askomdch.testclasses.MyFirstTestCase" name="loginAndCheckoutUsing_DirectBankTransfer" time="17.858"/>
  <system-out/>
  <testcase classname="com.askomdch.testclasses.MyFirstTestCase" name="guestCheckoutUsing_DirectBankTransfer" time="11.509"/>
  <system-out/>
  <testcase classname="com.askomdch.testclasses.MyFirstTestCase" name="guestCheckoutUsing_DirectBankTransfer" time="27.048"/>
  <system-out/>
  <testcase classname="com.askomdch.testclasses.MyFirstTestCase" name="loginAndCheckoutUsing_DirectBankTransfer" time="13.883"/>
  <system-out/>
</testsuite> <!-- com.askomdch.testclasses.MyFirstTestCase -->
