<?xml version="1.0" encoding="UTF-8"?>
<!-- Generated by org.testng.reporters.JUnitReportReporter -->
<testsuite hostname="Satheesh-Vidhya-Venpa" failures="0" tests="2" name="com.askomdch.testclasses.MyFirstTestCase" time="13.877" errors="0" timestamp="2022-10-18T21:40:16 IST" skipped="0">
  <testcase classname="com.askomdch.testclasses.MyFirstTestCase" name="guestCheckoutUsing_DirectBankTransfer" time="6.275"/>
  <system-out/>
  <testcase classname="com.askomdch.testclasses.MyFirstTestCase" name="loginAndCheckoutUsing_DirectBankTransfer" time="7.602"/>
  <system-out/>
</testsuite> <!-- com.askomdch.testclasses.MyFirstTestCase -->
