<?xml version="1.0" encoding="UTF-8"?>
<!-- Generated by org.testng.reporters.JUnitReportReporter -->
<testsuite hostname="Satheesh-Vidhya-Venpa" failures="0" tests="2" name="com.askomdch.testclasses.MyFirstTestCase" time="14.550" errors="0" timestamp="2022-10-15T20:14:46 IST" skipped="0">
  <testcase classname="com.askomdch.testclasses.MyFirstTestCase" name="loginAndCheckoutUsing_DirectBankTransfer" time="8.217"/>
  <system-out/>
  <testcase classname="com.askomdch.testclasses.MyFirstTestCase" name="guestCheckoutUsing_DirectBankTransfer" time="6.333"/>
  <system-out/>
</testsuite> <!-- com.askomdch.testclasses.MyFirstTestCase -->
